<?xml version="1.0" encoding="UTF-8"?>
<!-- Generated by org.testng.reporters.JUnitReportReporter -->
<testsuite hostname="Faiyazs-MacBook-Air.local" failures="0" tests="1" name="appium.Appium" time="45.695" errors="0" timestamp="2022-10-30T10:20:09 GMT" skipped="0">
  <testcase classname="appium.Appium" name="appium" time="45.695"/>
  <system-out/>
</testsuite> <!-- appium.Appium -->
